MiniProyect_V0/app/build/intermediates/manifest_merge_blame_file/debug/manifest-merger-blame-debug-report.txt
1<?xml version="1.0" encoding="utf-8"?>
2<manifest xmlns:android="http://schemas.android.com/apk/res/android"
3    package="com.example.miniproyect_v0"
4    android:versionCode="1"
5    android:versionName="1.0" >
6
7    <uses-sdk
8        android:minSdkVersion="21"
8-->src/main/AndroidManifest.xml
9        android:targetSdkVersion="32" />
9-->src/main/AndroidManifest.xml
10
11    <uses-permission android:name="android.permission.INTERNET" />
11-->src/main/AndroidManifest.xml:4:5-83
11-->src/main/AndroidManifest.xml:4:22-64
12
13    <application
13-->src/main/AndroidManifest.xml:5:5-39:19
14        android:allowBackup="true"
14-->src/main/AndroidManifest.xml:6:9-35
15        android:appComponentFactory="androidx.core.app.CoreComponentFactory"
15-->[androidx.core:core:1.8.0] AndroidManifest.xml:24:18-86
16        android:dataExtractionRules="@xml/data_extraction_rules"
16-->src/main/AndroidManifest.xml:7:9-65
17        android:debuggable="true"
18        android:fullBackupContent="@xml/backup_rules"
18-->src/main/AndroidManifest.xml:8:9-54
19        android:icon="@mipmap/ic_launcher"
19-->src/main/AndroidManifest.xml:9:9-43
20        android:label="@string/app_name"
20-->src/main/AndroidManifest.xml:10:9-41
21        android:roundIcon="@mipmap/ic_launcher_round"
21-->src/main/AndroidManifest.xml:11:9-54
22        android:supportsRtl="true"
22-->src/main/AndroidManifest.xml:12:9-35
23        android:testOnly="true"
24        android:theme="@style/Theme.MiniProyect_V0" >
24-->src/main/AndroidManifest.xml:13:9-52
25        <activity
25-->src/main/AndroidManifest.xml:15:9-21:20
26            android:name="com.example.miniproyect_v0.RecyclerViewIntegrantes"
26-->src/main/AndroidManifest.xml:16:13-52
27            android:exported="false" >
27-->src/main/AndroidManifest.xml:17:13-37
28            <meta-data
28-->src/main/AndroidManifest.xml:18:13-20:36
29                android:name="android.app.lib_name"
29-->src/main/AndroidManifest.xml:19:17-52
30                android:value="" />
30-->src/main/AndroidManifest.xml:20:17-33
31        </activity>
32        <activity
32-->src/main/AndroidManifest.xml:23:9-35:20
33            android:name="com.example.miniproyect_v0.Main_Principal"
33-->src/main/AndroidManifest.xml:24:13-43
34            android:exported="true" >
34-->src/main/AndroidManifest.xml:25:13-36
35            <meta-data
35-->src/main/AndroidManifest.xml:18:13-20:36
36                android:name="android.app.lib_name"
36-->src/main/AndroidManifest.xml:19:17-52
37                android:value="" />
37-->src/main/AndroidManifest.xml:20:17-33
38
39            <intent-filter>
39-->src/main/AndroidManifest.xml:30:13-34:29
40                <action android:name="android.intent.action.MAIN" />
40-->src/main/AndroidManifest.xml:31:17-69
40-->src/main/AndroidManifest.xml:31:25-66
41
42                <category android:name="android.intent.category.LAUNCHER" />
42-->src/main/AndroidManifest.xml:33:17-77
42-->src/main/AndroidManifest.xml:33:27-74
43            </intent-filter>
44        </activity>
45        <activity
45-->src/main/AndroidManifest.xml:36:9-38:40
46            android:name="com.example.miniproyect_v0.About_Us"
46-->src/main/AndroidManifest.xml:37:13-37
47            android:exported="false" />
47-->src/main/AndroidManifest.xml:38:13-37
48
49        <provider
49-->[androidx.emoji2:emoji2:1.2.0] AndroidManifest.xml:24:9-32:20
50            android:name="androidx.startup.InitializationProvider"
50-->[androidx.emoji2:emoji2:1.2.0] AndroidManifest.xml:25:13-67
51            android:authorities="com.example.miniproyect_v0.androidx-startup"
51-->[androidx.emoji2:emoji2:1.2.0] AndroidManifest.xml:26:13-68
52            android:exported="false" >
52-->[androidx.emoji2:emoji2:1.2.0] AndroidManifest.xml:27:13-37
53            <meta-data
53-->[androidx.emoji2:emoji2:1.2.0] AndroidManifest.xml:29:13-31:52
54                android:name="androidx.emoji2.text.EmojiCompatInitializer"
54-->[androidx.emoji2:emoji2:1.2.0] AndroidManifest.xml:30:17-75
55                android:value="androidx.startup" />
55-->[androidx.emoji2:emoji2:1.2.0] AndroidManifest.xml:31:17-49
56            <meta-data
56-->[androidx.lifecycle:lifecycle-process:2.4.1] AndroidManifest.xml:31:13-33:52
57                android:name="androidx.lifecycle.ProcessLifecycleInitializer"
57-->[androidx.lifecycle:lifecycle-process:2.4.1] AndroidManifest.xml:32:17-78
58                android:value="androidx.startup" />
58-->[androidx.lifecycle:lifecycle-process:2.4.1] AndroidManifest.xml:33:17-49
59        </provider>
60    </application>
61
62</manifest>